State as of Sun Jun  9 23:25:19 EDT 2024:
total 24
-rw-r--r--  1 duraimurganayyamperumal  staff   23 Jun  9 22:53 README.md
-rw-r--r--  1 duraimurganayyamperumal  staff   42 Jun  9 23:25 state.log
-rwxr-xr-x  1 duraimurganayyamperumal  staff  174 Jun  9 23:23 stateGit.sh
State as of Sun Jun  9 23:28:26 EDT 2024:
total 24
-rw-r--r--  1 duraimurganayyamperumal  staff   23 Jun  9 22:53 README.md
-rw-r--r--  1 duraimurganayyamperumal  staff  314 Jun  9 23:28 state.log
-rwxr-xr-x  1 duraimurganayyamperumal  staff  174 Jun  9 23:23 stateGit.sh
State as of Sun Jun  9 23:39:42 EDT 2024:
total 24
-rw-r--r--  1 duraimurganayyamperumal  staff   23 Jun  9 22:53 README.md
-rw-r--r--  1 duraimurganayyamperumal  staff  586 Jun  9 23:39 state.log
-rwxr-xr-x  1 duraimurganayyamperumal  staff  174 Jun  9 23:23 stateGit.sh
State as of Sun Jun  9 23:41:54 EDT 2024:
total 24
-rw-r--r--  1 duraimurganayyamperumal  staff   23 Jun  9 22:53 README.md
-rw-r--r--  1 duraimurganayyamperumal  staff  858 Jun  9 23:41 state.log
-rwxr-xr-x  1 duraimurganayyamperumal  staff  174 Jun  9 23:23 stateGit.sh
State as of Mon Jun 10 00:00:00 EDT 2024:
total 24
-rw-r--r--  1 duraimurganayyamperumal  staff    23 Jun  9 22:53 README.md
-rw-r--r--  1 duraimurganayyamperumal  staff  1130 Jun 10 00:00 state.log
-rwxr-xr-x  1 duraimurganayyamperumal  staff   174 Jun  9 23:23 stateGit.sh
